<?xml version="1.0" encoding="UTF-8"?>
<!-- Generated by org.testng.reporters.JUnitXMLReporter -->
<testsuite ignored="0" hostname="alkas-Laptop.local" failures="0" tests="4" name="Test" time="5.923" errors="0" timestamp="2024-04-19T10:06:26 CEST">
  <testcase classname="tPack.ClassOne" name="testOneA" time="5.834"/>
  <testcase classname="tPack.ClassOne" name="testOneB" time="0.002"/>
  <testcase classname="tPack.ClassOne" name="testOneC" time="0.002"/>
  <testcase classname="tPack.ClassOne" name="testOneD" time="0.002"/>
</testsuite> <!-- Test -->
