<?xml version="1.0" encoding="UTF-8"?>
<!-- Generated by org.testng.reporters.JUnitXMLReporter -->
<testsuite ignored="0" hostname="LAPTOP-4PCOUT3C" failures="0" tests="4" name="Test" time="6.546" errors="0" timestamp="2023-03-23T19:35:10 CET">
  <testcase classname="tPack.ClassOne" name="testOneA" time="6.504"/>
  <testcase classname="tPack.ClassOne" name="testOneB" time="0.0"/>
  <testcase classname="tPack.ClassOne" name="testOneC" time="0.0"/>
  <testcase classname="tPack.ClassOne" name="testOneD" time="0.001"/>
</testsuite> <!-- Test -->
