<?xml version="1.0" encoding="UTF-8"?>
<testsuite xmlns:xsi="http://www.w3.org/2001/XMLSchema-instance" xsi:noNamespaceSchemaLocation="https://maven.apache.org/surefire/maven-surefire-plugin/xsd/surefire-test-report-3.0.xsd" version="3.0" name="TestSuite" time="6.992" tests="4" errors="0" skipped="0" failures="0">
  <properties>
[...]
</properties>
  <testcase name="testOneA[https://www.selenium.dev/](1)" classname="tPack.ClassOne" time="6.505">
    <system-out><![CDATA[In testOneA method of ClassOne
Selenium
]]></system-out>
    <system-err><![CDATA[SLF4J: Failed to load class "org.slf4j.impl.StaticLoggerBinder".
SLF4J: Defaulting to no-operation (NOP) logger implementation
SLF4J: See http://www.slf4j.org/codes.html#StaticLoggerBinder for further details.
1679596504767	geckodriver	INFO	Listening on 127.0.0.1:33283
1679596505050	mozrunner::runner	INFO	Running command: "C:\\Program Files\\Mozilla Firefox\\firefox.exe" "--marionette" "--remote-debugging-port" "11765" "--remote ... alhost:11765/,http://[::1]:11765/" "-no-remote" "-profile" "C:\\Users\\ALKACH~1\\AppData\\Local\\Temp\\rust_mozprofileKT2SBr"
console.warn: services.settings: Ignoring preference override of remote settings server
console.warn: services.settings: Allow by setting MOZ_REMOTE_SETTINGS_DEVTOOLS=1 in the environment
1679596505572	Marionette	INFO	Marionette enabled
Dynamically enable window occlusion 0
1679596505579	Marionette	INFO	Listening on port 52094
Read port: 52094
WebDriver BiDi listening on ws://127.0.0.1:11765
1679596505744	RemoteAgent	WARN	TLS certificate errors will be ignored for this session
console.warn: SearchSettings: "get: No settings file exists, new profile?" (new NotFoundError("Could not open the file at C:\\Users\\ALKACH~1\\AppData\\Local\\Temp\\rust_mozprofileKT2SBr\\search.json.mozlz4", (void 0)))
DevTools listening on ws://127.0.0.1:11765/devtools/browser/19e69ece-168e-4fee-8bfd-dec6f32bfa38
1679596508960	RemoteAgent	INFO	Perform WebSocket upgrade for incoming connection from 127.0.0.1:52134
1679596508971	CDP	WARN	Invalid browser preferences for CDP. Set "fission.webContentIsolationStrategy"to 0 and "fission.bfcacheInParent" to false before Firefox starts.
1679596509021	Marionette	INFO	Stopped listening on port 52094
Dynamically enable window occlusion 1
[Parent 12840, IPC I/O Parent] WARNING: DuplicateHandle failed for handle 0 in TransferHandles: file /builds/worker/checkouts/gecko/ipc/chromium/src/chrome/common/ipc_channel_win.cc:777
WARNING: A blocker encountered an error while we were waiting.
          Blocker:  Waiting for ping task
          Phase: TelemetryController: Waiting for pending ping activity
          State: (none)
WARNING: Error: Phase "profile-before-change" is finished, it is too late to register completion condition "OS.File: flush I/O queued before profileBeforeChange"
WARNING: addBlocker@resource://gre/modules/AsyncShutdown.sys.mjs:727:15
addBlocker@resource://gre/modules/AsyncShutdown.sys.mjs:523:26
addBlocker@resource://gre/modules/AsyncShutdown.sys.mjs:458:15
setupShutdown@resource://gre/modules/osfile/osfile_async_front.jsm:1548:28
@resource://gre/modules/osfile/osfile_async_front.jsm:1568:16
@resource://gre/modules/osfile.jsm:12:30
@resource://gre/modules/TelemetryStorage.sys.mjs:10:28
_checkPendingPings@resource://gre/modules/TelemetrySend.sys.mjs:863:17
setup@resource://gre/modules/TelemetrySend.sys.mjs:803:18
setup@resource://gre/modules/TelemetrySend.sys.mjs:241:30
setupTelemetry/this._delayedInitTask<@resource://gre/modules/TelemetryControllerParent.sys.mjs:828:36
observe@resource://gre/modules/AsyncShutdown.sys.mjs:576:16

console.error: "TelemetryScheduler.shutdown - Already shut down"
WARNING: A blocker encountered an error while we were waiting.
          Blocker:  Waiting for ping task
          Phase: TelemetryController: Waiting for pending ping activity
          State: (none)
WARNING: Error: Phase "profile-before-change" is finished, it is too late to register completion condition "OS.File: flush I/O queued before profileBeforeChange"
WARNING: addBlocker@resource://gre/modules/AsyncShutdown.sys.mjs:727:15
addBlocker@resource://gre/modules/AsyncShutdown.sys.mjs:523:26
addBlocker@resource://gre/modules/AsyncShutdown.sys.mjs:458:15
setupShutdown@resource://gre/modules/osfile/osfile_async_front.jsm:1548:28
@resource://gre/modules/osfile/osfile_async_front.jsm:1568:16
@resource://gre/modules/osfile.jsm:12:30
@resource://gre/modules/TelemetryStorage.sys.mjs:10:28
_checkPendingPings@resource://gre/modules/TelemetrySend.sys.mjs:863:17
setup@resource://gre/modules/TelemetrySend.sys.mjs:803:18
setup@resource://gre/modules/TelemetrySend.sys.mjs:241:30
setupTelemetry/this._delayedInitTask<@resource://gre/modules/TelemetryControllerParent.sys.mjs:828:36
observe@resource://gre/modules/AsyncShutdown.sys.mjs:576:16

WARNING: A blocker encountered an error while we were waiting.
          Blocker:  Waiting for ping task
          Phase: TelemetryController: Waiting for pending ping activity
          State: (none)
WARNING: Error: Phase "profile-before-change" is finished, it is too late to register completion condition "OS.File: flush I/O queued before profileBeforeChange"
WARNING: addBlocker@resource://gre/modules/AsyncShutdown.sys.mjs:727:15
addBlocker@resource://gre/modules/AsyncShutdown.sys.mjs:523:26
addBlocker@resource://gre/modules/AsyncShutdown.sys.mjs:458:15
setupShutdown@resource://gre/modules/osfile/osfile_async_front.jsm:1548:28
@resource://gre/modules/osfile/osfile_async_front.jsm:1568:16
@resource://gre/modules/osfile.jsm:12:30
@resource://gre/modules/TelemetryStorage.sys.mjs:10:28
_checkPendingPings@resource://gre/modules/TelemetrySend.sys.mjs:863:17
setup@resource://gre/modules/TelemetrySend.sys.mjs:803:18
setup@resource://gre/modules/TelemetrySend.sys.mjs:241:30
setupTelemetry/this._delayedInitTask<@resource://gre/modules/TelemetryControllerParent.sys.mjs:828:36
observe@resource://gre/modules/AsyncShutdown.sys.mjs:576:16

WARNING: A blocker encountered an error while we were waiting.
          Blocker:  TelemetryController: shutting down
          Phase: profile-before-change-telemetry
          State: Error getting state: Error: Phase "profile-before-change" is finished, it is too late to register completion condition "OS.File: flush I/O queued before profileBeforeChange" at addBlocker@resource://gre/modules/AsyncShutdown.sys.mjs:727:15
addBlocker@resource://gre/modules/AsyncShutdown.sys.mjs:523:26
addBlocker@resource://gre/modules/AsyncShutdown.sys.mjs:458:15
setupShutdown@resource://gre/modules/osfile/osfile_async_front.jsm:1548:28
@resource://gre/modules/osfile/osfile_async_front.jsm:1568:16
@resource://gre/modules/osfile.jsm:12:30
@resource://gre/modules/TelemetryStorage.sys.mjs:10:28
_checkPendingPings@resource://gre/modules/TelemetrySend.sys.mjs:863:17
setup@resource://gre/modules/TelemetrySend.sys.mjs:803:18
setup@resource://gre/modules/TelemetrySend.sys.mjs:241:30
setupTelemetry/this._deJavaScript error: resource://gre/modules/AsyncShutdown.sys.mjs, line 727: Error: Phase "profile-before-change" is finished, it is too late to register completion condition "OS.File: flush I/O queued before lprofialyeeBdefIonrietTCahsakn<g@er"es
ource://gre/mJodaules/TvelaeSmcertirpytC oenrtrroorl:l erParent.sys.mjs:8resource://gre/modules/AsyncShutdown.sys.mjs, line 727: Error: Phase "profile-before-change" is finished, it is too late to register completion condition "OS.File: flush I/O queued befo2re 8:36
obprosfeirlveeBe@froerseoCuhracneg:e/"/g
JavaScript errorre:/ mroedsuoluersc/eA:sy/n/grec/Smhuotdudloewsn/.Asyssy.nmcjSsh:u5t7d6o:w1n6.s
y
sW.AmRjNsI,N Gl:i nEer r7o27r::  EPrhraosre: " pPrhoafsiel e"-pbreofofriele-before-change" is fi-change" is finisnhed, iti is too late shed, it its tooo  rleagties tter completion ocond ition r"eOgSi.sFtieler:  cfolmupslhe tIi/oOn  quceouendd ibteifoonr e" OpSr.oFfiliel:e Bfelfuosrh eIC/hOa nqueued before profileBeforeChange"
JavaScript error: greseour"ce
:W/A/RgNrIeN/Gm:o daudldeBsl/oAcskyenrc@Srheustodurocwen:./s/ygsr.em/jmso,d ulliense/ A7s2y7n:c SEhrurtodro:w nP.hsaysse. m"jpsr:o7fil2e7-:b1e5fo
raed-dcBhlaoncgkee"r @irse sfoiunricseh:e/d/,g riet/ miosd ulest/oAos ylncaStheu ttdoo wrne.gsiysst.emrj sc:o5m2p3l:e2t6io
na dcdoBnldoictkieorn@ r"eOsSo.uFriclee::/ /fglrues/hm oId/uOl eqsu/eAuseydn cbSehfuotrdeo wpnr.osfyisl.emBjesf:4o5r8e:C1h5an
gsee"tu
JavapSSchruitpdto wenr@rroers: oresouurrccee::////ggrree//mmoodduulleess//oAssfyinlceS/houstfdiolwen_.assyysn.cm_jfsr,o line 727: nEt.rjrsomr::1 5P4h8a:s2e8 "
p@rroefsioluer-cbee:f/o/rger-ec/hmaondguel"e si/sos ffiinlies/hoesdf,i liet_ aissy ntco_of rloantte. jtsom :r1e5g6i8s:t1e6r 
c@ormespoluerticone c:o/n/dgirtei/omno d"uOlSe.sF/iolsef:i lfel.ujsshm :I1/2O: 3q0ue
u@erde sbouerfcoer:e// gprreo/fmioldeuBleefso/rTeeClehmaentgrey"St
oJraavgaeS.scyrsi.pmtj se:r1r0o:r2:8
 _crheescokuPrecned:/i/nggrPei/ngs@resmoduloeusr/Acsey:n/c/Sghruet/dmoowdnu.lseyss/.Tmejls,eme tlriynSeen d7.2s7y:s .Emrjrso:r8:6 3P:h1a7se 
"spertoufpi@lree-sboeufrocree:-/c/hgarneg/em" oidules/Tse lfeimneitrsyhSeedn,d .isty si.sm jtso:o8 0l3a:t1e8 t
os erteugpi@srteesro ucroce://grmep/lmeotdiounl ecs/TeleomnedtirtySieonnd ."sOySs..mFjisl:e2:4 1f:l3u0sh
 sIe/tOu pqTueelueemde tbeforer yp/rotfhiilse.B_edfeolraeyCehdaInngiet"Ta
sk<@resource://gre/modules/TelemetryControllerParent.sys.mjs:828:36
observe@resource://gre/modules/AsyncShutdown.sys.mjs:576:16

]]></system-err>
  </testcase>
  <testcase name="testOneB[Alka@gmail.com, 12345](1)" classname="tPack.ClassOne" time="0.003">
    <system-out><![CDATA[In testOneB method of ClassOne
User Name is: Alka@gmail.com
User Password is: 12345
]]></system-out>
  </testcase>
  <testcase name="testOneC" classname="tPack.ClassOne" time="0.001">
    <system-out><![CDATA[In testOneC method of ClassOne
]]></system-out>
  </testcase>
  <testcase name="testOneD" classname="tPack.ClassOne" time="0.002">
    <system-out><![CDATA[In testOneD method of ClassOne
]]></system-out>
  </testcase>
</testsuite>